[04_foldseek.py] Bars to search: 6
  Filters: pTM≥0.4, pLDDT≥0.0, seq_len≥35
  [1/6] bar_11 (pTM=0.481, pLDDT=0.467)... 0 hits
  [2/6] bar_17 (pTM=0.415, pLDDT=0.507)... 0 hits
  [3/6] bar_27 (pTM=0.442, pLDDT=0.624)... 
    [429] Rate limited — waiting 30s...

    [429] Rate limited — waiting 60s...
0 hits
  [4/6] bar_38 (pTM=0.435, pLDDT=0.474)... 0 hits
  [5/6] bar_49 (pTM=0.407, pLDDT=0.417)... 
    [429] Rate limited — waiting 30s...
0 hits
  [6/6] bar_53 (pTM=0.420, pLDDT=0.472)... 
    [429] Rate limited — waiting 30s...

    [429] Rate limited — waiting 60s...
0 hits

  Wrote outputs/foldseek/foldseek_hits.csv  (6 rows)

  Bars with hits:       0
  Bars novel (no hits): 6

Next: python pipeline/05_enrich_csv.py
